  % Total    % Received % Xferd  Average Speed   Time    Time     Time  Current
                                 Dload  Upload   Total   Spent    Left  Speed
  0     0    0     0    0     0      0      0 --:--:-- --:--:-- --:--:--     0*   Trying 3.87.162.235:80...
* TCP_NODELAY set
* Connected to ec2-3-87-162-235.compute-1.amazonaws.com (3.87.162.235) port 80 (#0)
> GET /static/js/bundle.js HTTP/1.1
> Host: ec2-3-87-162-235.compute-1.amazonaws.com
> User-Agent: curl/7.68.0
> Accept: */*
> Cookie: username=awdeorio
> 
* Mark bundle as not supporting multiuse
< HTTP/1.1 200 OK
< Server: nginx/1.18.0 (Ubuntu)
< Date: Mon, 21 Feb 2022 04:29:38 GMT
< Content-Type: application/javascript; charset=utf-8
< Content-Length: 1092206
< Connection: keep-alive
< Content-Disposition: inline; filename=bundle.js
< Last-Modified: Mon, 21 Feb 2022 04:20:34 GMT
< Cache-Control: no-cache
< 
{ [11275 bytes data]
100 1066k  100 1066k    0     0  3343k      0 --:--:-- --:--:-- --:--:-- 3343k
* Connection #0 to host ec2-3-87-162-235.compute-1.amazonaws.com left intact
